15:40:56.069 [sandbox-akka.actor.default-dispatcher-5] INFO  akka.event.slf4j.Slf4jLogger - Slf4jLogger started 
15:41:01.105 [program-resource-pool-1] INFO  c.d.p.apiserver.LedgerApiServer - Listening on localhost:6865 over plain text. 
15:41:01.138 [program-resource-pool-2] INFO  com.daml.platform.sandboxnext.Runner - Initialized sandbox version 1.18.1 with ledger-id = cac76ddb-d261-4561-9cde-c8a7f23e7bd6, port = 6865, dar file = List(.daml/dist/stock-exchange-app-0.0.1.dar), time mode = wall-clock time, ledger = in-memory, auth-service = AuthServiceWildcard$, contract ids seeding = strong 
15:51:15.105 [sandbox-akka.actor.default-dispatcher-5] INFO  akka.event.slf4j.Slf4jLogger - Slf4jLogger started 
15:51:19.335 [program-resource-pool-1] INFO  c.d.p.apiserver.LedgerApiServer - Listening on localhost:6865 over plain text. 
15:51:19.357 [program-resource-pool-2] INFO  com.daml.platform.sandboxnext.Runner - Initialized sandbox version 1.18.1 with ledger-id = e17af3fd-a6e6-4019-ac69-54893c8ee8dc, port = 6865, dar file = List(.daml/dist/stock-exchange-app-0.0.1.dar), time mode = wall-clock time, ledger = in-memory, auth-service = AuthServiceWildcard$, contract ids seeding = strong 
16:01:10.363 [sandbox-akka.actor.default-dispatcher-5] INFO  akka.event.slf4j.Slf4jLogger - Slf4jLogger started 
16:01:14.707 [program-resource-pool-2] INFO  c.d.p.apiserver.LedgerApiServer - Listening on localhost:6865 over plain text. 
16:01:14.729 [program-resource-pool-1] INFO  com.daml.platform.sandboxnext.Runner - Initialized sandbox version 1.18.1 with ledger-id = 3c3cd550-eb68-406e-be60-f91310811d69, port = 6865, dar file = List(.daml/dist/stock-exchange-app-0.0.1.dar), time mode = wall-clock time, ledger = in-memory, auth-service = AuthServiceWildcard$, contract ids seeding = strong 
16:34:39.226 [sandbox-akka.actor.default-dispatcher-5] INFO  akka.event.slf4j.Slf4jLogger - Slf4jLogger started 
16:34:43.486 [program-resource-pool-4] INFO  c.d.p.apiserver.LedgerApiServer - Listening on localhost:6865 over plain text. 
16:34:43.509 [program-resource-pool-3] INFO  com.daml.platform.sandboxnext.Runner - Initialized sandbox version 1.18.1 with ledger-id = df65e1da-1471-4646-b3c3-244c5cb98c24, port = 6865, dar file = List(.daml/dist/stock-exchange-app-0.0.1.dar), time mode = wall-clock time, ledger = in-memory, auth-service = AuthServiceWildcard$, contract ids seeding = strong 
16:43:01.522 [sandbox-akka.actor.default-dispatcher-5] INFO  akka.event.slf4j.Slf4jLogger - Slf4jLogger started 
16:43:05.775 [program-resource-pool-1] INFO  c.d.p.apiserver.LedgerApiServer - Listening on localhost:6865 over plain text. 
16:43:05.798 [program-resource-pool-3] INFO  com.daml.platform.sandboxnext.Runner - Initialized sandbox version 1.18.1 with ledger-id = 1aa87aa4-8bb7-4051-91ca-692bf8ec7fe4, port = 6865, dar file = List(.daml/dist/stock-exchange-app-0.0.1.dar), time mode = wall-clock time, ledger = in-memory, auth-service = AuthServiceWildcard$, contract ids seeding = strong 
16:51:45.528 [sandbox-akka.actor.default-dispatcher-5] INFO  akka.event.slf4j.Slf4jLogger - Slf4jLogger started 
16:51:50.008 [program-resource-pool-1] INFO  c.d.p.apiserver.LedgerApiServer - Listening on localhost:6865 over plain text. 
16:51:50.031 [program-resource-pool-2] INFO  com.daml.platform.sandboxnext.Runner - Initialized sandbox version 1.18.1 with ledger-id = 06da67a2-db50-4e84-aca4-3a7878326019, port = 6865, dar file = List(.daml/dist/stock-exchange-app-0.0.1.dar), time mode = wall-clock time, ledger = in-memory, auth-service = AuthServiceWildcard$, contract ids seeding = strong 
16:54:21.439 [sandbox-akka.actor.default-dispatcher-5] INFO  akka.event.slf4j.Slf4jLogger - Slf4jLogger started 
16:54:25.529 [program-resource-pool-4] INFO  c.d.p.apiserver.LedgerApiServer - Listening on localhost:6865 over plain text. 
16:54:25.549 [program-resource-pool-1] INFO  com.daml.platform.sandboxnext.Runner - Initialized sandbox version 1.18.1 with ledger-id = c1d28c75-8410-45ad-bada-3681dd6b0797, port = 6865, dar file = List(.daml/dist/stock-exchange-app-0.0.1.dar), time mode = wall-clock time, ledger = in-memory, auth-service = AuthServiceWildcard$, contract ids seeding = strong 
21:22:56.838 [sandbox-akka.actor.default-dispatcher-5] INFO  akka.event.slf4j.Slf4jLogger - Slf4jLogger started 
21:23:01.030 [program-resource-pool-2] INFO  c.d.p.apiserver.LedgerApiServer - Listening on localhost:6865 over plain text. 
21:23:01.070 [program-resource-pool-1] INFO  com.daml.platform.sandboxnext.Runner - Initialized sandbox version 1.18.1 with ledger-id = 947654b2-e702-4adb-855f-c1c1c04aeea1, port = 6865, dar file = List(.daml/dist/stock-exchange-app-0.0.1.dar), time mode = wall-clock time, ledger = in-memory, auth-service = AuthServiceWildcard$, contract ids seeding = strong 
21:49:21.928 [sandbox-akka.actor.default-dispatcher-5] INFO  akka.event.slf4j.Slf4jLogger - Slf4jLogger started 
21:49:26.205 [program-resource-pool-1] INFO  c.d.p.apiserver.LedgerApiServer - Listening on localhost:6865 over plain text. 
21:49:26.225 [program-resource-pool-2] INFO  com.daml.platform.sandboxnext.Runner - Initialized sandbox version 1.18.1 with ledger-id = 91b7b287-4832-443f-9e9c-056980c4c389, port = 6865, dar file = List(.daml/dist/stock-exchange-app-0.0.1.dar), time mode = wall-clock time, ledger = in-memory, auth-service = AuthServiceWildcard$, contract ids seeding = strong 
22:36:10.783 [sandbox-akka.actor.default-dispatcher-5] INFO  akka.event.slf4j.Slf4jLogger - Slf4jLogger started 
22:36:15.232 [program-resource-pool-1] INFO  c.d.p.apiserver.LedgerApiServer - Listening on localhost:6865 over plain text. 
22:36:15.254 [program-resource-pool-3] INFO  com.daml.platform.sandboxnext.Runner - Initialized sandbox version 1.18.1 with ledger-id = 42366d44-bdca-4095-93cb-42a09dae1fca, port = 6865, dar file = List(.daml/dist/stock-exchange-app-0.0.1.dar), time mode = wall-clock time, ledger = in-memory, auth-service = AuthServiceWildcard$, contract ids seeding = strong 
09:17:09.279 [sandbox-akka.actor.default-dispatcher-4] INFO  akka.event.slf4j.Slf4jLogger - Slf4jLogger started 
09:17:13.430 [program-resource-pool-4] INFO  c.d.p.apiserver.LedgerApiServer - Listening on localhost:6865 over plain text. 
09:17:13.453 [program-resource-pool-1] INFO  com.daml.platform.sandboxnext.Runner - Initialized sandbox version 1.18.1 with ledger-id = ed754b52-ea85-4c7f-99eb-d293ba02d205, port = 6865, dar file = List(.daml/dist/stock-exchange-app-0.0.1.dar), time mode = wall-clock time, ledger = in-memory, auth-service = AuthServiceWildcard$, contract ids seeding = strong 
13:05:21.270 [sandbox-akka.actor.default-dispatcher-5] INFO  akka.event.slf4j.Slf4jLogger - Slf4jLogger started 
13:05:25.804 [program-resource-pool-4] INFO  c.d.p.apiserver.LedgerApiServer - Listening on localhost:6865 over plain text. 
13:05:25.827 [program-resource-pool-3] INFO  com.daml.platform.sandboxnext.Runner - Initialized sandbox version 1.18.1 with ledger-id = 2d17dc41-163a-4e92-b602-0b841cb85a7c, port = 6865, dar file = List(.daml/dist/stock-exchange-app-0.0.1.dar), time mode = wall-clock time, ledger = in-memory, auth-service = AuthServiceWildcard$, contract ids seeding = strong 
13:07:18.732 [sandbox-akka.actor.default-dispatcher-5] INFO  akka.event.slf4j.Slf4jLogger - Slf4jLogger started 
13:07:23.012 [program-resource-pool-3] INFO  c.d.p.apiserver.LedgerApiServer - Listening on localhost:6865 over plain text. 
13:07:23.033 [program-resource-pool-1] INFO  com.daml.platform.sandboxnext.Runner - Initialized sandbox version 1.18.1 with ledger-id = 506e0d96-5c61-476a-b47c-9a55bbba81c8, port = 6865, dar file = List(.daml/dist/stock-exchange-app-0.0.1.dar), time mode = wall-clock time, ledger = in-memory, auth-service = AuthServiceWildcard$, contract ids seeding = strong 
13:08:36.590 [sandbox-akka.actor.default-dispatcher-5] INFO  akka.event.slf4j.Slf4jLogger - Slf4jLogger started 
13:08:41.180 [program-resource-pool-4] INFO  c.d.p.apiserver.LedgerApiServer - Listening on localhost:6865 over plain text. 
13:08:41.202 [program-resource-pool-3] INFO  com.daml.platform.sandboxnext.Runner - Initialized sandbox version 1.18.1 with ledger-id = fd464788-c692-4587-a575-791b2600822d, port = 6865, dar file = List(.daml/dist/stock-exchange-app-0.0.1.dar), time mode = wall-clock time, ledger = in-memory, auth-service = AuthServiceWildcard$, contract ids seeding = strong 
14:09:12.984 [sandbox-akka.actor.default-dispatcher-5] INFO  akka.event.slf4j.Slf4jLogger - Slf4jLogger started 
14:09:17.161 [program-resource-pool-2] INFO  c.d.p.apiserver.LedgerApiServer - Listening on localhost:6865 over plain text. 
14:09:17.184 [program-resource-pool-3] INFO  com.daml.platform.sandboxnext.Runner - Initialized sandbox version 1.18.1 with ledger-id = a2f703b8-cc6d-4def-a21e-42d8708ff670, port = 6865, dar file = List(.daml/dist/stock-exchange-app-0.0.1.dar), time mode = wall-clock time, ledger = in-memory, auth-service = AuthServiceWildcard$, contract ids seeding = strong 
